<?xml version="1.0" encoding="UTF-8"?>
<!-- Generated by org.testng.reporters.JUnitXMLReporter -->
<testsuite ignored="0" hostname="LTIN588457" failures="4" tests="9" name="OrangeHRM Tests" time="14.138" errors="0" timestamp="2025-06-26T11:04:54 IST">
  <testcase classname="HackProTek.HackProTek.Main" name="homepagetest" time="0.4"/>
  <testcase classname="HackProTek.HackProTek.Main" name="homepagetest" time="0.391"/>
  <testcase classname="HackProTek.HackProTek.Main" name="homepagetest" time="0.323"/>
  <testcase classname="HackProTek.HackProTek.Main" name="homepagetest" time="0.341">
    <failure type="java.lang.AssertionError" message="expected [true] but found [false]">
      <![CDATA[java.lang.AssertionError: expected [true] but found [false]
at HackProTek.HackProTek.Main.homepagetest(Main.java:24)
at java.base/java.util.ArrayList.forEach(ArrayList.java:1596)
... Removed 29 stack frames]]>
    </failure>
  </testcase> <!-- homepagetest -->
  <testcase classname="HackProTek.HackProTek.Main" name="homepagetest" time="0.431">
    <failure type="java.lang.AssertionError" message="expected [true] but found [false]">
      <![CDATA[java.lang.AssertionError: expected [true] but found [false]
at HackProTek.HackProTek.Main.homepagetest(Main.java:24)
at java.base/java.util.ArrayList.forEach(ArrayList.java:1596)
... Removed 29 stack frames]]>
    </failure>
  </testcase> <!-- homepagetest -->
  <testcase classname="HackProTek.HackProTek.Main" name="homepagetest" time="0.474">
    <failure type="java.lang.AssertionError" message="expected [true] but found [false]">
      <![CDATA[java.lang.AssertionError: expected [true] but found [false]
at HackProTek.HackProTek.Main.homepagetest(Main.java:24)
at java.base/java.util.ArrayList.forEach(ArrayList.java:1596)
... Removed 29 stack frames]]>
    </failure>
  </testcase> <!-- homepagetest -->
  <testcase classname="HackProTek.HackProTek.Main" name="homepagetest" time="0.508"/>
  <testcase classname="HackProTek.HackProTek.Main" name="homepagetest" time="0.475"/>
  <testcase classname="HackProTek.HackProTek.Main" name="homepagetest" time="0.501">
    <failure type="java.lang.AssertionError" message="expected [true] but found [false]">
      <![CDATA[java.lang.AssertionError: expected [true] but found [false]
at HackProTek.HackProTek.Main.homepagetest(Main.java:24)
at java.base/java.util.ArrayList.forEach(ArrayList.java:1596)
... Removed 29 stack frames]]>
    </failure>
  </testcase> <!-- homepagetest -->
</testsuite> <!-- OrangeHRM Tests -->
