<?xml version="1.0" encoding="UTF-8"?>
<!-- Generated by org.testng.reporters.JUnitXMLReporter -->
<testsuite ignored="0" hostname="LTIN588457" failures="0" tests="17" name="Project Tests" time="1.614" errors="0" timestamp="2025-06-27T10:26:51 IST">
  <testcase classname="HackProTek.HackProTek.BaseClass" name="@BeforeClass setup" time="-1.751000208893E9">
    <failure type="org.testng.TestNGException" message="
Can inject only one of &amp;lt;ITestContext, XmlTest&amp;gt; into a @BeforeClass annotated setup.
For more information on native dependency injection please refer to https://testng.org/#_dependency_injection">
      <![CDATA[org.testng.TestNGException: 
Can inject only one of <ITestContext, XmlTest> into a @BeforeClass annotated setup.
For more information on native dependency injection please refer to https://testng.org/#_dependency_injection
at java.base/java.util.ArrayList.forEach(ArrayList.java:1596)
... Removed 22 stack frames]]>
    </failure>
  </testcase> <!-- @BeforeClass setup -->
  <testcase classname="HackProTek.HackProTek.BaseClass" name="@AfterClass teardown" time="0.0">
    <skipped/>
  </testcase> <!-- @AfterClass teardown -->
  <testcase classname="HackProTek.HackProTek.Main" name="homepagetest" time="0.0">
    <skipped/>
  </testcase> <!-- homepagetest -->
  <testcase classname="HackProTek.HackProTek.Main" name="homepagetest" time="0.001">
    <skipped/>
  </testcase> <!-- homepagetest -->
  <testcase classname="HackProTek.HackProTek.Main" name="homepagetest" time="0.0">
    <skipped/>
  </testcase> <!-- homepagetest -->
  <testcase classname="HackProTek.HackProTek.Main" name="homepagetest" time="0.0">
    <skipped/>
  </testcase> <!-- homepagetest -->
  <testcase classname="HackProTek.HackProTek.Main" name="homepagetest" time="0.0">
    <skipped/>
  </testcase> <!-- homepagetest -->
  <testcase classname="HackProTek.HackProTek.Main" name="homepagetest" time="0.0">
    <skipped/>
  </testcase> <!-- homepagetest -->
  <testcase classname="HackProTek.HackProTek.Main" name="homepagetest" time="0.0">
    <skipped/>
  </testcase> <!-- homepagetest -->
  <testcase classname="HackProTek.HackProTek.Main" name="homepagetest" time="0.0">
    <skipped/>
  </testcase> <!-- homepagetest -->
  <testcase classname="HackProTek.HackProTek.Main" name="homepagetest" time="0.0">
    <skipped/>
  </testcase> <!-- homepagetest -->
  <testcase classname="HackProTek.HackProTek.Main" name="homepagetest" time="0.0">
    <skipped/>
  </testcase> <!-- homepagetest -->
  <testcase classname="HackProTek.HackProTek.Main" name="homepagetest" time="0.0">
    <skipped/>
  </testcase> <!-- homepagetest -->
  <testcase classname="HackProTek.HackProTek.Main" name="homepagetest" time="0.0">
    <skipped/>
  </testcase> <!-- homepagetest -->
  <testcase classname="HackProTek.HackProTek.Main" name="homepagetest" time="0.0">
    <skipped/>
  </testcase> <!-- homepagetest -->
  <testcase classname="HackProTek.HackProTek.Main" name="homepagetest" time="0.0">
    <skipped/>
  </testcase> <!-- homepagetest -->
  <testcase classname="HackProTek.HackProTek.Main" name="homepagetest" time="0.0">
    <skipped/>
  </testcase> <!-- homepagetest -->
  <testcase classname="HackProTek.HackProTek.Main" name="homepagetest" time="0.0">
    <skipped/>
  </testcase> <!-- homepagetest -->
  <testcase classname="HackProTek.HackProTek.Main" name="homepagetest" time="0.0">
    <skipped/>
  </testcase> <!-- homepagetest -->
</testsuite> <!-- Project Tests -->
